21:19:01.516 [TestNG] INFO  resources.Base - validated the Login text
21:19:01.536 [TestNG] INFO  resources.Base - navigated to homepage
21:19:02.701 [TestNG] INFO  resources.Base - Successfully validated the navigation bar
21:19:02.962 [TestNG] INFO  resources.Base - succefully login
21:19:25.998 [TestNG] INFO  resources.Base - navigated to facebook homepage
21:19:59.365 [TestNG] INFO  resources.Base - driver is initialised
21:40:44.279 [main] INFO  resources.Base - driver is initialised
21:40:49.044 [main] INFO  resources.Base - navigated to facebook homepage
21:40:49.792 [main] INFO  resources.Base - succefully login
21:41:01.660 [main] INFO  resources.Base - navigated to facebook homepage
21:41:11.649 [main] INFO  resources.Base - driver is initialised
21:41:17.124 [main] INFO  resources.Base - navigated to homepage
21:41:17.475 [main] INFO  resources.Base - validated the Login text
21:41:20.905 [main] INFO  resources.Base - driver is initialised
21:41:26.090 [main] INFO  resources.Base - navigated to homepage
21:41:26.221 [main] INFO  resources.Base - Successfully validated the navigation bar
21:48:12.848 [main] INFO  resources.Base - driver is initialised
21:48:18.198 [main] INFO  resources.Base - navigated to facebook homepage
21:48:19.227 [main] INFO  resources.Base - succefully login
21:48:21.793 [main] INFO  resources.Base - navigated to facebook homepage
21:48:22.341 [main] INFO  resources.Base - succefully login
21:48:28.730 [main] INFO  resources.Base - driver is initialised
21:48:40.810 [main] INFO  resources.Base - navigated to homepage
21:48:40.896 [main] INFO  resources.Base - validated the Login text
21:48:50.929 [main] INFO  resources.Base - driver is initialised
21:49:04.944 [main] INFO  resources.Base - navigated to homepage
21:49:05.094 [main] INFO  resources.Base - Successfully validated the navigation bar
21:54:40.254 [main] INFO  resources.Base - driver is initialised
21:54:44.304 [main] INFO  resources.Base - navigated to facebook homepage
